TN:
SF:src/carta.ts
FN:28,<instance_members_initializer>
FN:29,Carta
FNF:2
FNH:2
FNDA:8,<instance_members_initializer>
FNDA:8,Carta
DA:1,1
DA:2,1
DA:3,1
DA:4,1
DA:5,1
DA:6,1
DA:7,1
DA:8,1
DA:9,1
DA:10,1
DA:11,1
DA:12,1
DA:13,1
DA:14,1
DA:15,1
DA:16,1
DA:17,1
DA:18,1
DA:19,1
DA:20,1
DA:21,1
DA:22,1
DA:23,1
DA:24,1
DA:25,1
DA:26,1
DA:27,1
DA:28,1
DA:29,8
DA:30,8
DA:31,8
DA:32,8
DA:33,8
DA:34,8
DA:35,8
DA:36,8
DA:37,8
DA:38,8
DA:39,8
DA:40,8
DA:41,8
DA:42,8
DA:43,8
DA:44,8
DA:45,8
DA:46,8
DA:47,8
DA:48,8
DA:49,8
DA:50,4
DA:51,4
DA:52,8
DA:53,2
DA:54,2
DA:55,8
DA:56,8
LF:56
LH:56
BRDA:1,0,0,1
BRDA:11,1,0,1
BRDA:21,2,0,1
BRDA:28,3,0,8
BRDA:29,4,0,8
BRDA:49,5,0,4
BRDA:52,6,0,2
BRF:7
BRH:7
end_of_record
