TN:
SF:src/carta.ts
FN:28,<instance_members_initializer>
FN:29,Carta
FNF:2
FNH:2
FNDA:10,<instance_members_initializer>
FNDA:10,Carta
DA:1,1
DA:2,1
DA:3,1
DA:4,1
DA:5,1
DA:6,1
DA:7,1
DA:8,1
DA:9,1
DA:10,1
DA:11,1
DA:12,1
DA:13,1
DA:14,1
DA:15,1
DA:16,1
DA:17,1
DA:18,1
DA:19,1
DA:20,1
DA:21,1
DA:22,1
DA:23,1
DA:24,1
DA:25,1
DA:26,1
DA:27,1
DA:28,1
DA:29,10
DA:30,10
DA:31,10
DA:32,10
DA:33,10
DA:34,10
DA:35,10
DA:36,10
DA:37,10
DA:38,10
DA:39,10
DA:40,10
DA:41,10
DA:42,10
DA:43,10
DA:44,10
DA:45,10
DA:46,10
DA:47,10
DA:48,10
DA:49,10
DA:50,4
DA:51,4
DA:52,10
DA:53,4
DA:54,4
DA:55,10
DA:56,10
LF:56
LH:56
BRDA:1,0,0,1
BRDA:11,1,0,1
BRDA:21,2,0,1
BRDA:28,3,0,10
BRDA:29,4,0,10
BRDA:49,5,0,4
BRDA:52,6,0,4
BRF:7
BRH:7
end_of_record
TN:
SF:src/coleccion.ts
FN:5,<instance_members_initializer>
FN:8,ColeccionCartas
FN:10,ImprimirConColor
FN:56,agregarCarta
FN:73,actualizarCarta
FN:86,eliminarCarta
FN:99,listarCartas
FN:114,mostrarCarta
FNF:8
FNH:8
FNDA:1,<instance_members_initializer>
FNDA:1,ColeccionCartas
FNDA:2,ImprimirConColor
FNDA:1,agregarCarta
FNDA:1,actualizarCarta
FNDA:1,eliminarCarta
FNDA:1,listarCartas
FNDA:1,mostrarCarta
DA:1,1
DA:2,1
DA:3,1
DA:4,1
DA:5,1
DA:6,1
DA:7,1
DA:8,1
DA:9,1
DA:10,1
DA:11,2
DA:12,2
DA:13,2
DA:14,2
DA:15,2
DA:16,2
DA:17,2
DA:18,2
DA:19,2
DA:20,2
DA:21,0
DA:22,0
DA:23,2
DA:24,0
DA:25,0
DA:26,2
DA:27,2
DA:28,2
DA:29,2
DA:30,0
DA:31,0
DA:32,2
DA:33,0
DA:34,0
DA:35,2
DA:36,0
DA:37,0
DA:38,2
DA:39,2
DA:40,2
DA:41,2
DA:42,0
DA:43,0
DA:44,2
DA:45,0
DA:46,0
DA:47,2
DA:48,0
DA:49,0
DA:50,2
DA:51,0
DA:52,0
DA:53,2
DA:54,2
DA:55,1
DA:56,1
DA:57,1
DA:58,1
DA:59,1
DA:60,1
DA:61,0
DA:62,0
DA:63,1
DA:64,1
DA:65,0
DA:66,1
DA:67,1
DA:68,1
DA:69,1
DA:70,1
DA:71,1
DA:72,1
DA:73,1
DA:74,1
DA:75,1
DA:76,1
DA:77,1
DA:78,0
DA:79,1
DA:80,1
DA:81,1
DA:82,1
DA:83,1
DA:84,1
DA:85,1
DA:86,1
DA:87,1
DA:88,1
DA:89,1
DA:90,1
DA:91,0
DA:92,1
DA:93,1
DA:94,1
DA:95,1
DA:96,1
DA:97,1
DA:98,1
DA:99,1
DA:100,1
DA:101,1
DA:102,1
DA:103,0
DA:104,1
DA:105,1
DA:106,1
DA:107,1
DA:108,1
DA:109,1
DA:110,1
DA:111,1
DA:112,1
DA:113,1
DA:114,1
DA:115,1
DA:116,1
DA:117,1
DA:118,1
DA:119,0
DA:120,1
DA:121,1
DA:122,1
DA:123,1
DA:124,1
DA:125,1
LF:125
LH:100
BRDA:5,0,0,1
BRDA:8,1,0,1
BRDA:10,2,0,2
BRDA:20,3,0,0
BRDA:23,4,0,0
BRDA:29,5,0,0
BRDA:32,6,0,0
BRDA:35,7,0,0
BRDA:41,8,0,0
BRDA:44,9,0,0
BRDA:47,10,0,0
BRDA:50,11,0,0
BRDA:56,12,0,1
BRDA:60,13,0,0
BRDA:64,14,0,0
BRDA:73,15,0,1
BRDA:77,16,0,0
BRDA:86,17,0,1
BRDA:90,18,0,0
BRDA:99,19,0,1
BRDA:102,20,0,0
BRDA:106,21,0,1
BRDA:114,22,0,1
BRDA:118,23,0,0
BRF:24
BRH:9
end_of_record
